<?xml version="1.0" encoding="UTF-8"?>
<testsuite name="VisitorTest" tests="1" skipped="0" failures="0" errors="0" timestamp="2020-01-20T09:40:37" hostname="ngwako-Inspiron-15-3567" time="0.021">
  <properties/>
  <testcase name="load()" classname="VisitorTest" time="0.021"/>
  <system-out><![CDATA[]]></system-out>
  <system-err><![CDATA[]]></system-err>
</testsuite>
